<?xml version="1.0" encoding="UTF-8"?>
<testsuite name="comprar vestido para Clara" tests="1" skipped="0" failures="0" errors="0" timestamp="2019-05-31T02:57:37" hostname="DESKTOP-UUINR43" time="65.924">
  <properties/>
  <testcase name="comprar vestido más costo" classname="comprar vestido para Clara" time="65.924"/>
  <system-out><![CDATA[]]></system-out>
  <system-err><![CDATA[may 30, 2019 9:57:38 PM org.openqa.selenium.remote.DesiredCapabilities chrome
INFORMACIÓN: Using `new ChromeOptions()` is preferred to `DesiredCapabilities.chrome()`
Starting ChromeDriver 2.39.562718 (9a2698cba08cf5a471a29d30c8b3e12becabb0e9) on port 42668
Only local connections are allowed.
may 30, 2019 9:57:46 PM org.openqa.selenium.remote.ProtocolHandshake createSession
INFORMACIÓN: Detected dialect: OSS
[Test worker] INFO net.serenitybdd.core.Serenity - 
        __    _____ _____ ____ _____   ____   _    ____  ____  _____ ____  
  _     \ \  |_   _| ____/ ___|_   _| |  _ \ / \  / ___|/ ___|| ____|  _ \ 
 (_)_____| |   | | |  _| \___ \ | |   | |_) / _ \ \___ \\___ \|  _| | | | |
  _|_____| |   | | | |___ ___) || |   |  __/ ___ \ ___) |___) | |___| |_| |
 (_)     | |   |_| |_____|____/ |_|   |_| /_/   \_\____/|____/|_____|____/ 
        /_/                                                                

TEST PASSED: comprar vestido más costo
----------------------------------------------------------------------------
]]></system-err>
</testsuite>
